<?xml version="1.0" encoding="UTF-8"?>
<testsuite xmlns:xsi="http://www.w3.org/2001/XMLSchema-instance" xsi:noNamespaceSchemaLocation="https://maven.apache.org/surefire/maven-surefire-plugin/xsd/surefire-test-report.xsd" name="com.javaegitimleri.petclinic.web.PetClinicRestControllerTest" time="0.328" tests="1" errors="1" skipped="0" failures="0">
  <properties>
[...]
</properties>
  <testcase name="testdeleteOwner" classname="com.javaegitimleri.petclinic.web.PetClinicRestControllerTest" time="0.297">
    <error message="I/O error on DELETE request for &quot;http://localhost:8080/rest/owner/4&quot;: Connection refused: connect; nested exception is java.net.ConnectException: Connection refused: connect" type="org.springframework.web.client.ResourceAccessException">org.springframework.web.client.ResourceAccessException: I/O error on DELETE request for "http://localhost:8080/rest/owner/4": Connection refused: connect; nested exception is java.net.ConnectException: Connection refused: connect
	at com.javaegitimleri.petclinic.web.PetClinicRestControllerTest.testdeleteOwner(PetClinicRestControllerTest.java:89)
Caused by: java.net.ConnectException: Connection refused: connect
	at com.javaegitimleri.petclinic.web.PetClinicRestControllerTest.testdeleteOwner(PetClinicRestControllerTest.java:89)
</error>
    <system-out><![CDATA[14:28:50.445 [main] DEBUG org.springframework.web.client.RestTemplate - HTTP DELETE http://localhost:8080/rest/owner/4
]]></system-out>
  </testcase>
</testsuite>